[debug] [2020-03-30T09:35:00.874Z] ----------------------------------------------------------------------
[debug] [2020-03-30T09:35:00.876Z] Command:       C:\Program Files\nodejs\node.exe C:\Users\entro\AppData\Roaming\npm\node_modules\firebase-tools\lib\bin\firebase.js init
[debug] [2020-03-30T09:35:00.876Z] CLI Version:   7.13.1
[debug] [2020-03-30T09:35:00.876Z] Platform:      win32
[debug] [2020-03-30T09:35:00.876Z] Node Version:  v12.14.1
[debug] [2020-03-30T09:35:00.877Z] Time:          Mon Mar 30 2020 11:35:00 GMT+0200 (GMT+02:00)
[debug] [2020-03-30T09:35:00.877Z] ----------------------------------------------------------------------
[debug] [2020-03-30T09:35:00.877Z] 
[debug] [2020-03-30T09:35:00.882Z] > command requires scopes: ["email","openid","https://www.googleapis.com/auth/cloudplatformprojects.readonly","https://www.googleapis.com/auth/firebase","https://www.googleapis.com/auth/cloud-platform"]
[debug] [2020-03-30T09:35:00.882Z] > authorizing via signed-in user
[info] 
     ######## #### ########  ######## ########     ###     ######  ########
     ##        ##  ##     ## ##       ##     ##  ##   ##  ##       ##
     ######    ##  ########  ######   ########  #########  ######  ######
     ##        ##  ##    ##  ##       ##     ## ##     ##       ## ##
     ##       #### ##     ## ######## ########  ##     ##  ######  ########

You're about to initialize a Firebase project in this directory:

  D:\neoland\causequencer\caukenAngular

Before we get started, keep in mind:

  * You are initializing in an existing Firebase project directory

